# JRE version: Java(TM) SE Runtime Environment (7.0_51-b13) (build 1.7.0_51-b13)
# Java VM: Java HotSpot(TM) 64-Bit Server VM (24.51-b03 mixed mode windows-amd64 compressed oops)
Heap
 PSYoungGen      total 288768K, used 219057K [0x00000000eaa80000, 0x0000000100000000, 0x0000000100000000)
  eden space 247808K, 74% used [0x00000000eaa80000,0x00000000f5d9f518,0x00000000f9c80000)
  from space 40960K, 87% used [0x00000000f9c80000,0x00000000fbf4d218,0x00000000fc480000)
  to   space 59392K, 0% used [0x00000000fc600000,0x00000000fc600000,0x0000000100000000)
 ParOldGen       total 162304K, used 85547K [0x00000000c0000000, 0x00000000c9e80000, 0x00000000eaa80000)
  object space 162304K, 52% used [0x00000000c0000000,0x00000000c538aed8,0x00000000c9e80000)
 PSPermGen       total 21504K, used 5659K [0x00000000bae00000, 0x00000000bc300000, 0x00000000c0000000)
  object space 21504K, 26% used [0x00000000bae00000,0x00000000bb386c88,0x00000000bc300000)
GC Heap History (10 events):
Event: 9.699 GC heap before
{Heap before GC invocations=6 (full 0):
 PSYoungGen      total 70656K, used 70649K [0x00000000eaa80000, 0x00000000f4b80000, 0x0000000100000000)
  eden space 65536K, 100% used [0x00000000eaa80000,0x00000000eea80000,0x00000000eea80000)
  from space 5120K, 99% used [0x00000000eea80000,0x00000000eef7e6a0,0x00000000eef80000)
  to   space 16896K, 0% used [0x00000000f3b00000,0x00000000f3b00000,0x00000000f4b80000)
 ParOldGen       total 84992K, used 28693K [0x00000000c0000000, 0x00000000c5300000, 0x00000000eaa80000)
  object space 84992K, 33% used [0x00000000c0000000,0x00000000c1c057d0,0x00000000c5300000)
 PSPermGen       total 21504K, used 5297K [0x00000000bae00000, 0x00000000bc300000, 0x00000000c0000000)
  object space 21504K, 24% used [0x00000000bae00000,0x00000000bb32c4a0,0x00000000bc300000)
Event: 9.737 GC heap after
Heap after GC invocations=6 (full 0):
 PSYoungGen      total 145408K, used 16895K [0x00000000eaa80000, 0x00000000f5080000, 0x0000000100000000)
  eden space 128512K, 0% used [0x00000000eaa80000,0x00000000eaa80000,0x00000000f2800000)
  from space 16896K, 99% used [0x00000000f3b00000,0x00000000f4b7fd98,0x00000000f4b80000)
  to   space 19456K, 0% used [0x00000000f2800000,0x00000000f2800000,0x00000000f3b00000)
 ParOldGen       total 84992K, used 28881K [0x00000000c0000000, 0x00000000c5300000, 0x00000000eaa80000)
  object space 84992K, 33% used [0x00000000c0000000,0x00000000c1c34528,0x00000000c5300000)
 PSPermGen       total 21504K, used 5297K [0x00000000bae00000, 0x00000000bc300000, 0x00000000c0000000)
  object space 21504K, 24% used [0x00000000bae00000,0x00000000bb32c4a0,0x00000000bc300000)
}
Event: 10.769 GC heap before
{Heap before GC invocations=7 (full 0):
 PSYoungGen      total 145408K, used 145407K [0x00000000eaa80000, 0x00000000f5080000, 0x0000000100000000)
  eden space 128512K, 100% used [0x00000000eaa80000,0x00000000f2800000,0x00000000f2800000)
  from space 16896K, 99% used [0x00000000f3b00000,0x00000000f4b7fd98,0x00000000f4b80000)
  to   space 19456K, 0% used [0x00000000f2800000,0x00000000f2800000,0x00000000f3b00000)
 ParOldGen       total 84992K, used 28881K [0x00000000c0000000, 0x00000000c5300000, 0x00000000eaa80000)
  object space 84992K, 33% used [0x00000000c0000000,0x00000000c1c34528,0x00000000c5300000)
 PSPermGen       total 21504K, used 5348K [0x00000000bae00000, 0x00000000bc300000, 0x00000000c0000000)
  object space 21504K, 24% used [0x00000000bae00000,0x00000000bb339148,0x00000000bc300000)
Event: 10.866 GC heap after
Heap after GC invocations=7 (full 0):
 PSYoungGen      total 147968K, used 19442K [0x00000000eaa80000, 0x00000000fe380000, 0x0000000100000000)
  eden space 128512K, 0% used [0x00000000eaa80000,0x00000000eaa80000,0x00000000f2800000)
  from space 19456K, 99% used [0x00000000f2800000,0x00000000f3afc818,0x00000000f3b00000)
  to   space 31744K, 0% used [0x00000000fc480000,0x00000000fc480000,0x00000000fe380000)
 ParOldGen       total 84992K, used 47878K [0x00000000c0000000, 0x00000000c5300000, 0x00000000eaa80000)
  object space 84992K, 56% used [0x00000000c0000000,0x00000000c2ec1a40,0x00000000c5300000)
 PSPermGen       total 21504K, used 5348K [0x00000000bae00000, 0x00000000bc300000, 0x00000000c0000000)
  object space 21504K, 24% used [0x00000000bae00000,0x00000000bb339148,0x00000000bc300000)
}
Event: 11.725 GC heap before
{Heap before GC invocations=8 (full 0):
 PSYoungGen      total 147968K, used 147954K [0x00000000eaa80000, 0x00000000fe380000, 0x0000000100000000)
  eden space 128512K, 100% used [0x00000000eaa80000,0x00000000f2800000,0x00000000f2800000)
  from space 19456K, 99% used [0x00000000f2800000,0x00000000f3afc818,0x00000000f3b00000)
  to   space 31744K, 0% used [0x00000000fc480000,0x00000000fc480000,0x00000000fe380000)
 ParOldGen       total 84992K, used 47878K [0x00000000c0000000, 0x00000000c5300000, 0x00000000eaa80000)
  object space 84992K, 56% used [0x00000000c0000000,0x00000000c2ec1a40,0x00000000c5300000)
 PSPermGen       total 21504K, used 5387K [0x00000000bae00000, 0x00000000bc300000, 0x00000000c0000000)
  object space 21504K, 25% used [0x00000000bae00000,0x00000000bb342f40,0x00000000bc300000)
Event: 11.792 GC heap after
Heap after GC invocations=8 (full 0):
 PSYoungGen      total 279552K, used 31717K [0x00000000eaa80000, 0x00000000ff580000, 0x0000000100000000)
  eden space 247808K, 0% used [0x00000000eaa80000,0x00000000eaa80000,0x00000000f9c80000)
  from space 31744K, 99% used [0x00000000fc480000,0x00000000fe3795d0,0x00000000fe380000)
  to   space 40960K, 0% used [0x00000000f9c80000,0x00000000f9c80000,0x00000000fc480000)
 ParOldGen       total 84992K, used 56647K [0x00000000c0000000, 0x00000000c5300000, 0x00000000eaa80000)
  object space 84992K, 66% used [0x00000000c0000000,0x00000000c3751f40,0x00000000c5300000)
 PSPermGen       total 21504K, used 5387K [0x00000000bae00000, 0x00000000bc300000, 0x00000000c0000000)
  object space 21504K, 25% used [0x00000000bae00000,0x00000000bb342f40,0x00000000bc300000)
}
Event: 12.974 GC heap before
{Heap before GC invocations=9 (full 0):
 PSYoungGen      total 279552K, used 279525K [0x00000000eaa80000, 0x00000000ff580000, 0x0000000100000000)
  eden space 247808K, 100% used [0x00000000eaa80000,0x00000000f9c80000,0x00000000f9c80000)
  from space 31744K, 99% used [0x00000000fc480000,0x00000000fe3795d0,0x00000000fe380000)
  to   space 40960K, 0% used [0x00000000f9c80000,0x00000000f9c80000,0x00000000fc480000)
 ParOldGen       total 84992K, used 56647K [0x00000000c0000000, 0x00000000c5300000, 0x00000000eaa80000)
  object space 84992K, 66% used [0x00000000c0000000,0x00000000c3751f40,0x00000000c5300000)
 PSPermGen       total 21504K, used 5413K [0x00000000bae00000, 0x00000000bc300000, 0x00000000c0000000)
  object space 21504K, 25% used [0x00000000bae00000,0x00000000bb3496f0,0x00000000bc300000)
Event: 13.078 GC heap after
Heap after GC invocations=9 (full 0):
 PSYoungGen      total 288768K, used 40943K [0x00000000eaa80000, 0x0000000100000000, 0x0000000100000000)
  eden space 247808K, 0% used [0x00000000eaa80000,0x00000000eaa80000,0x00000000f9c80000)
  from space 40960K, 99% used [0x00000000f9c80000,0x00000000fc47be98,0x00000000fc480000)
  to   space 59392K, 0% used [0x00000000fc600000,0x00000000fc600000,0x0000000100000000)
 ParOldGen       total 86016K, used 85907K [0x00000000c0000000, 0x00000000c5400000, 0x00000000eaa80000)
  object space 86016K, 99% used [0x00000000c0000000,0x00000000c53e4f58,0x00000000c5400000)
 PSPermGen       total 21504K, used 5413K [0x00000000bae00000, 0x00000000bc300000, 0x00000000c0000000)
  object space 21504K, 25% used [0x00000000bae00000,0x00000000bb3496f0,0x00000000bc300000)
}
Event: 13.078 GC heap before
{Heap before GC invocations=10 (full 1):
 PSYoungGen      total 288768K, used 40943K [0x00000000eaa80000, 0x0000000100000000, 0x0000000100000000)
  eden space 247808K, 0% used [0x00000000eaa80000,0x00000000eaa80000,0x00000000f9c80000)
  from space 40960K, 99% used [0x00000000f9c80000,0x00000000fc47be98,0x00000000fc480000)
  to   space 59392K, 0% used [0x00000000fc600000,0x00000000fc600000,0x0000000100000000)
 ParOldGen       total 86016K, used 85907K [0x00000000c0000000, 0x00000000c5400000, 0x00000000eaa80000)
  object space 86016K, 99% used [0x00000000c0000000,0x00000000c53e4f58,0x00000000c5400000)
 PSPermGen       total 21504K, used 5413K [0x00000000bae00000, 0x00000000bc300000, 0x00000000c0000000)
  object space 21504K, 25% used [0x00000000bae00000,0x00000000bb3496f0,0x00000000bc300000)
Event: 14.260 GC heap after
Heap after GC invocations=10 (full 1):
 PSYoungGen      total 288768K, used 35636K [0x00000000eaa80000, 0x0000000100000000, 0x0000000100000000)
  eden space 247808K, 0% used [0x00000000eaa80000,0x00000000eaa80000,0x00000000f9c80000)
  from space 40960K, 87% used [0x00000000f9c80000,0x00000000fbf4d218,0x00000000fc480000)
  to   space 59392K, 0% used [0x00000000fc600000,0x00000000fc600000,0x0000000100000000)
 ParOldGen       total 162304K, used 85547K [0x00000000c0000000, 0x00000000c9e80000, 0x00000000eaa80000)
  object space 162304K, 52% used [0x00000000c0000000,0x00000000c538aed8,0x00000000c9e80000)
 PSPermGen       total 21504K, used 5408K [0x00000000bae00000, 0x00000000bc300000, 0x00000000c0000000)
  object space 21504K, 25% used [0x00000000bae00000,0x00000000bb348180,0x00000000bc300000)
}

